<?xml version="1.0" encoding="UTF-8"?>
<testng-results skipped="0" failed="0" ignored="0" total="1" passed="1">
  <reporter-output>
  </reporter-output>
  <suite name="Default suite" duration-ms="22964" started-at="2021-11-30T17:53:06 IST" finished-at="2021-11-30T17:53:29 IST">
    <groups>
    </groups>
    <test name="Default test" duration-ms="22964" started-at="2021-11-30T17:53:06 IST" finished-at="2021-11-30T17:53:29 IST">
      <class name="com.bookstore.testcases.LoginPageTC_01">
        <test-method status="PASS" signature="setup()[pri:0, instance:com.bookstore.testcases.LoginPageTC_01@2de8284b]" name="setup" is-config="true" duration-ms="4900" started-at="2021-11-30T17:53:06 IST" finished-at="2021-11-30T17:53:11 IST">
          <reporter-output>
          </reporter-output>
        </test-method> <!-- setup -->
        <test-method status="PASS" signature="loginTest()[pri:0, instance:com.bookstore.testcases.LoginPageTC_01@2de8284b]" name="loginTest" duration-ms="16803" started-at="2021-11-30T17:53:11 IST" finished-at="2021-11-30T17:53:28 IST">
          <reporter-output>
          </reporter-output>
        </test-method> <!-- loginTest -->
        <test-method status="PASS" signature="tearDown()[pri:0, instance:com.bookstore.testcases.LoginPageTC_01@2de8284b]" name="tearDown" is-config="true" duration-ms="1215" started-at="2021-11-30T17:53:28 IST" finished-at="2021-11-30T17:53:29 IST">
          <reporter-output>
          </reporter-output>
        </test-method> <!-- tearDown -->
      </class> <!-- com.bookstore.testcases.LoginPageTC_01 -->
    </test> <!-- Default test -->
  </suite> <!-- Default suite -->
</testng-results>
