<?xml version="1.0" encoding="UTF-8"?>
<!-- Generated by org.testng.reporters.JUnitXMLReporter -->
<testsuite hostname="RVSBLR706LT" ignored="0" name="Book Store" tests="4" failures="0" timestamp="2021-11-25T17:08:15 IST" time="174.987" errors="0">
  <testcase name="loginTest" time="16.265" classname="com.bookstore.testcases.LoginPageTC_01"/>
  <testcase name="gotobookstore" time="47.491" classname="com.bookstore.testcases.GotoBookstoreTC"/>
  <testcase name="collection" time="69.33" classname="com.bookstore.testcases.BookCollection"/>
  <testcase name="bookselect" time="29.305" classname="com.bookstore.testcases.BookSelection"/>
</testsuite> <!-- Book Store -->
