<?xml version="1.0" encoding="UTF-8"?>
<!-- Generated by org.testng.reporters.JUnitXMLReporter -->
<testsuite hostname="RVSBLR706LT" ignored="0" name="Shipment DashBoard" tests="1" failures="0" timestamp="2021-11-18T23:21:24 IST" time="0.056" errors="0">
  <testcase name="@BeforeClass setup" time="-1.637257884261E9" classname="com.bookstore.testcases.BkBaseClass">
    <failure type="org.testng.TestNGException" message="
Can inject only one of &amp;lt;ITestContext, XmlTest&amp;gt; into a @BeforeClass annotated setup.
For more information on native dependency injection please refer to https://testng.org/doc/documentation-main.html#native-dependency-injection">
      <![CDATA[org.testng.TestNGException: 
Can inject only one of <ITestContext, XmlTest> into a @BeforeClass annotated setup.
For more information on native dependency injection please refer to https://testng.org/doc/documentation-main.html#native-dependency-injection
at java.util.ArrayList.forEach(ArrayList.java:1259)
... Removed 22 stack frames]]>
    </failure>
  </testcase> <!-- @BeforeClass setup -->
  <testcase name="@AfterClass tearDown" time="-1.637257884293E9" classname="com.bookstore.testcases.BkBaseClass">
    <skipped/>
  </testcase> <!-- @AfterClass tearDown -->
  <testcase name="loginTest" time="0.0" classname="com.bookstore.testcases.LoginPageTC_01">
    <skipped/>
  </testcase> <!-- loginTest -->
</testsuite> <!-- Shipment DashBoard -->
